<?xml version="1.0" encoding="UTF-8"?>
<!-- Generated by org.testng.reporters.JUnitReportReporter -->
<testsuite hostname="DESKTOP-UPG1BAF" failures="0" tests="1" name="TestNGDemo.NewTest" time="36.195" errors="0" timestamp="2023-03-11T03:10:38 GMT-08:00" skipped="0">
  <testcase classname="TestNGDemo.NewTest" name="f" time="36.195"/>
  <system-out/>
</testsuite> <!-- TestNGDemo.NewTest -->
